-------------------------------------------------------------------------------
Test set: TestSuite
-------------------------------------------------------------------------------
Tests run: 5, Failures: 1, Errors: 0, Skipped: 0, Time elapsed: 450.475 s <<< FAILURE! - in TestSuite
com.romanceabroad.ui.MainPageTests.testRegistration[search@aol.com, p@ssw0rd, 12, Jul, 1975, 8754531287, Miami, Florida](3)  Time elapsed: 13.183 s  <<< FAILURE!
org.openqa.selenium.ElementClickInterceptedException: 
element click intercepted: Element <input data-action="validation" data-field="confirmation" id="confirmation" type="checkbox" name="data[confirmation]" value="1"> is not clickable at point (756, 642). Other element would receive the click: <li gid="rs_4" lat="25.9420400" lon="-80.2456000" city="355835" region="4981" country="US">...</li>
  (Session info: chrome=89.0.4389.90)
Build info: version: '3.141.59', revision: 'e82be7d358', time: '2018-11-14T08:17:03'
System info: host: 'MSI', ip: '169.254.15.239', os.name: 'Windows 10', os.arch: 'amd64', os.version: '10.0', java.version: '15.0.1'
Driver info: org.openqa.selenium.chrome.ChromeDriver
Capabilities {acceptInsecureCerts: false, browserName: chrome, browserVersion: 89.0.4389.90, chrome: {chromedriverVersion: 89.0.4389.23 (61b08ee2c5002..., userDataDir: C:\Users\User\AppData\Local...}, goog:chromeOptions: {debuggerAddress: localhost:62880}, javascriptEnabled: true, networkConnectionEnabled: false, pageLoadStrategy: normal, platform: WINDOWS, platformName: WINDOWS, proxy: Proxy(), setWindowRect: true, strictFileInteractability: false, timeouts: {implicit: 0, pageLoad: 300000, script: 30000}, unhandledPromptBehavior: dismiss and notify, webauthn:extension:largeBlob: true, webauthn:virtualAuthenticators: true}
Session ID: 03eaa538342e1a60203eced32b9439be
	at com.romanceabroad.ui.MainPageTests.testRegistration(MainPageTests.java:19)

