<?xml version="1.0" encoding="UTF-8"?>
<!-- Generated by org.testng.reporters.JUnitXMLReporter -->
<testsuite ignored="0" hostname="MSI" failures="1" tests="5" name="ChromeTestCases2" time="449.835" errors="0" timestamp="2021-04-02T14:32:12 GMT-05:00">
  <testcase classname="com.romanceabroad.ui.MainPageTests" name="testRegistration" time="12.329"/>
  <testcase classname="com.romanceabroad.ui.MainPageTests" name="testRegistration" time="8.568"/>
  <testcase classname="com.romanceabroad.ui.MainPageTests" name="testRegistration" time="13.203">
    <failure type="org.openqa.selenium.ElementClickInterceptedException" message="element click intercepted: Element &amp;lt;input data-action=&amp;quot;validation&amp;quot; data-field=&amp;quot;confirmation&amp;quot; id=&amp;quot;confirmation&amp;quot; type=&amp;quot;checkbox&amp;quot; name=&amp;quot;data[confirmation]&amp;quot; value=&amp;quot;1&amp;quot;&amp;gt; is not clickable at point (756, 642). Other element would receive the click: &amp;lt;li gid=&amp;quot;rs_4&amp;quot; lat=&amp;quot;25.9420400&amp;quot; lon=&amp;quot;-80.2456000&amp;quot; city=&amp;quot;355835&amp;quot; region=&amp;quot;4981&amp;quot; country=&amp;quot;US&amp;quot;&amp;gt;...&amp;lt;/li&amp;gt;
  (Session info: chrome=89.0.4389.90)
Build info: version: &amp;apos;3.141.59&amp;apos;, revision: &amp;apos;e82be7d358&amp;apos;, time: &amp;apos;2018-11-14T08:17:03&amp;apos;
System info: host: &amp;apos;MSI&amp;apos;, ip: &amp;apos;169.254.15.239&amp;apos;, os.name: &amp;apos;Windows 10&amp;apos;, os.arch: &amp;apos;amd64&amp;apos;, os.version: &amp;apos;10.0&amp;apos;, java.version: &amp;apos;15.0.1&amp;apos;
Driver info: org.openqa.selenium.chrome.ChromeDriver
Capabilities {acceptInsecureCerts: false, browserName: chrome, browserVersion: 89.0.4389.90, chrome: {chromedriverVersion: 89.0.4389.23 (61b08ee2c5002..., userDataDir: C:\Users\User\AppData\Local...}, goog:chromeOptions: {debuggerAddress: localhost:62880}, javascriptEnabled: true, networkConnectionEnabled: false, pageLoadStrategy: normal, platform: WINDOWS, platformName: WINDOWS, proxy: Proxy(), setWindowRect: true, strictFileInteractability: false, timeouts: {implicit: 0, pageLoad: 300000, script: 30000}, unhandledPromptBehavior: dismiss and notify, webauthn:extension:largeBlob: true, webauthn:virtualAuthenticators: true}
Session ID: 03eaa538342e1a60203eced32b9439be">
      <![CDATA[org.openqa.selenium.ElementClickInterceptedException: element click intercepted: Element <input data-action="validation" data-field="confirmation" id="confirmation" type="checkbox" name="data[confirmation]" value="1"> is not clickable at point (756, 642). Other element would receive the click: <li gid="rs_4" lat="25.9420400" lon="-80.2456000" city="355835" region="4981" country="US">...</li>
  (Session info: chrome=89.0.4389.90)
Build info: version: '3.141.59', revision: 'e82be7d358', time: '2018-11-14T08:17:03'
System info: host: 'MSI', ip: '169.254.15.239', os.name: 'Windows 10', os.arch: 'amd64', os.version: '10.0', java.version: '15.0.1'
Driver info: org.openqa.selenium.chrome.ChromeDriver
Capabilities {acceptInsecureCerts: false, browserName: chrome, browserVersion: 89.0.4389.90, chrome: {chromedriverVersion: 89.0.4389.23 (61b08ee2c5002..., userDataDir: C:\Users\User\AppData\Local...}, goog:chromeOptions: {debuggerAddress: localhost:62880}, javascriptEnabled: true, networkConnectionEnabled: false, pageLoadStrategy: normal, platform: WINDOWS, platformName: WINDOWS, proxy: Proxy(), setWindowRect: true, strictFileInteractability: false, timeouts: {implicit: 0, pageLoad: 300000, script: 30000}, unhandledPromptBehavior: dismiss and notify, webauthn:extension:largeBlob: true, webauthn:virtualAuthenticators: true}
Session ID: 03eaa538342e1a60203eced32b9439be
at org.openqa.selenium.remote.http.W3CHttpResponseCodec.createException(W3CHttpResponseCodec.java:187)
at org.openqa.selenium.remote.http.W3CHttpResponseCodec.decode(W3CHttpResponseCodec.java:122)
at org.openqa.selenium.remote.http.W3CHttpResponseCodec.decode(W3CHttpResponseCodec.java:49)
at org.openqa.selenium.remote.HttpCommandExecutor.execute(HttpCommandExecutor.java:158)
at org.openqa.selenium.remote.service.DriverCommandExecutor.execute(DriverCommandExecutor.java:83)
at org.openqa.selenium.remote.RemoteWebDriver.execute(RemoteWebDriver.java:552)
at org.openqa.selenium.remote.RemoteWebElement.execute(RemoteWebElement.java:285)
at org.openqa.selenium.remote.RemoteWebElement.click(RemoteWebElement.java:84)
at com.romanceabroad.ui.MainPage.clickCheckBoxConfirmation(MainPage.java:140)
at com.romanceabroad.ui.MainPageTests.testRegistration(MainPageTests.java:19)
at java.base/java.util.ArrayList.forEach(ArrayList.java:1511)
... Removed 36 stack frames]]>
    </failure>
  </testcase> <!-- testRegistration -->
  <testcase classname="com.romanceabroad.ui.MainPageTests" name="testRegistration2" time="11.098"/>
  <testcase classname="com.romanceabroad.ui.MainPageTests" name="testSignIn" time="13.889"/>
</testsuite> <!-- ChromeTestCases2 -->
